<?xml version="1.0" encoding="UTF-8"?>
<testsuite name="example.HelloControllerTest" tests="1" skipped="0" failures="0" errors="0" timestamp="2022-05-04T15:05:32" hostname="DESKTOP-QINPMC2" time="0.335">
  <properties/>
  <testcase name="testGreetingService()" classname="example.HelloControllerTest" time="0.335"/>
  <system-out><![CDATA[?[36m12:05:31.519?[0;39m ?[1;30m[Test worker]?[0;39m ?[34mINFO ?[0;39m ?[35mi.m.context.env.DefaultEnvironment?[0;39m - Established active environments: [test]
]]></system-out>
  <system-err><![CDATA[]]></system-err>
</testsuite>
